0 info it worked if it ends with ok
1 verbose cli [ 'C:\\Java\\as2work\\nodejs\\node.exe',
1 verbose cli   'C:\\Java\\as2work\\nodejs\\node_modules\\npm\\bin\\npm-cli.js',
1 verbose cli   'publish',
1 verbose cli   '.' ]
2 info using npm@3.10.10
3 info using node@v6.11.5
4 verbose publish [ '.' ]
5 silly cache add args [ '.', null ]
6 verbose cache add spec .
7 silly cache add parsed spec Result {
7 silly cache add   raw: '.',
7 silly cache add   scope: null,
7 silly cache add   escapedName: null,
7 silly cache add   name: null,
7 silly cache add   rawSpec: '.',
7 silly cache add   spec: 'C:\\java_app\\idea_app\\phpas\\craftsman\\node_self',
7 silly cache add   type: 'directory' }
8 verbose addLocalDirectory C:\Java\as2work\nodejs\node_cache\yfr_lib\2.0.0\package.tgz not in flight; packing
9 verbose correctMkdir C:\Java\as2work\nodejs\node_cache correctMkdir not in flight; initializing
10 info lifecycle yfr_lib@2.0.0~prepublish: yfr_lib@2.0.0
11 silly lifecycle yfr_lib@2.0.0~prepublish: no script for prepublish, continuing
12 verbose tar pack [ 'C:\\Java\\as2work\\nodejs\\node_cache\\yfr_lib\\2.0.0\\package.tgz',
12 verbose tar pack   'C:\\java_app\\idea_app\\phpas\\craftsman\\node_self' ]
13 verbose tarball C:\Java\as2work\nodejs\node_cache\yfr_lib\2.0.0\package.tgz
14 verbose folder C:\java_app\idea_app\phpas\craftsman\node_self
15 verbose addLocalTarball adding from inside cache C:\Java\as2work\nodejs\node_cache\yfr_lib\2.0.0\package.tgz
16 verbose correctMkdir C:\Java\as2work\nodejs\node_cache correctMkdir not in flight; initializing
17 silly cache afterAdd yfr_lib@2.0.0
18 verbose afterAdd C:\Java\as2work\nodejs\node_cache\yfr_lib\2.0.0\package\package.json not in flight; writing
19 verbose correctMkdir C:\Java\as2work\nodejs\node_cache correctMkdir not in flight; initializing
20 verbose afterAdd C:\Java\as2work\nodejs\node_cache\yfr_lib\2.0.0\package\package.json written
21 silly publish { name: 'yfr_lib',
21 silly publish   version: '2.0.0',
21 silly publish   description: 'common  tools for javascript library.',
21 silly publish   main: 'index.js',
21 silly publish   repository:
21 silly publish    { type: 'git',
21 silly publish      url: 'git+https://github.com/webren2016/yfr_lib.git' },
21 silly publish   scripts: { test: 'echo "Error: no test specified" && exit 1' },
21 silly publish   author: { name: 'ren yan fei' },
21 silly publish   license: 'ISC',
21 silly publish   readme: '# yfr_lib [![NPM version](https://badge.fury.io/js/ansi-red.svg)](http://badge.fury.io/js/ansi-red)\n\n> The color red, in ansi.\n\n## Install\n\nInstall with [npm](https://www.npmjs.com/)\n\n```sh\n$ npm i ansi-red --save\n```\n\n## Usage\n\n```js\nvar yfrlib = require(\'yfr_lib\');\n```\n\n## Related projects\n\n* [yfr_lib](https://github.com/renyanfei/yfr_lib)\n\n\n## Running tests\n\nInstall dev dependencies:\n\n```sh\n$ npm i -d && npm test\n```\n\n## Contributing\n\nPull requests and stars are always welcome. For bugs and feature requests, [please create an issue](https://github.com/jonschlinkert/ansi-red/issues/new)\n\n## Author\n\n**ren yan fei**\n\n+ [github/yfr_lib](https://github.com/renyanfei)\n\n## License\n\nCopyright © 2015 Jon Schlinkert\nReleased under the MIT license.\n\n***\n\n_This file was generated by [verb-cli](https://github.com/assemble/verb-cli) on May 21, 2015._',
21 silly publish   readmeFilename: 'readme.md',
21 silly publish   bugs: { url: 'https://github.com/webren2016/yfr_lib/issues' },
21 silly publish   homepage: 'https://github.com/webren2016/yfr_lib#readme',
21 silly publish   _id: 'yfr_lib@2.0.0',
21 silly publish   _shasum: '923f4676cf2b8e25532e133ac70883f6c3954d52',
21 silly publish   _from: '.' }
22 verbose getPublishConfig undefined
23 silly mapToRegistry name yfr_lib
24 silly mapToRegistry using default registry
25 silly mapToRegistry registry https://registry.npmjs.org/
26 silly mapToRegistry data Result {
26 silly mapToRegistry   raw: 'yfr_lib',
26 silly mapToRegistry   scope: null,
26 silly mapToRegistry   escapedName: 'yfr_lib',
26 silly mapToRegistry   name: 'yfr_lib',
26 silly mapToRegistry   rawSpec: '',
26 silly mapToRegistry   spec: 'latest',
26 silly mapToRegistry   type: 'tag' }
27 silly mapToRegistry uri https://registry.npmjs.org/yfr_lib
28 verbose publish registryBase https://registry.npmjs.org/
29 silly publish uploading C:\Java\as2work\nodejs\node_cache\yfr_lib\2.0.0\package.tgz
30 verbose request uri https://registry.npmjs.org/yfr_lib
31 verbose request sending authorization for write operation
32 info attempt registry request try #1 at 12:46:33
33 verbose request using bearer token for auth
34 verbose request id 32bcefda5ec668ba
35 http request PUT https://registry.npmjs.org/yfr_lib
36 http 403 https://registry.npmjs.org/yfr_lib
37 verbose headers { date: 'Fri, 08 Jun 2018 04:46:35 GMT',
37 verbose headers   'content-type': 'application/json',
37 verbose headers   'transfer-encoding': 'chunked',
37 verbose headers   connection: 'keep-alive',
37 verbose headers   'set-cookie': [ '__cfduid=d3a64b3537e810ed672056426fb426ecf1528433194; expires=Sat, 08-Jun-19 04:46:34 GMT; path=/; domain=.registry.npmjs.org; HttpOnly' ],
37 verbose headers   'cf-ray': '4278b72a7a1d6be6-SJC',
37 verbose headers   'expect-ct': 'max-age=604800, report-uri="https://report-uri.cloudflare.com/cdn-cgi/beacon/expect-ct"',
37 verbose headers   server: 'cloudflare',
37 verbose headers   'content-encoding': 'gzip' }
38 verbose request invalidating C:\Java\as2work\nodejs\node_cache\registry.npmjs.org\yfr_lib on PUT
39 error publish Failed PUT 403
40 verbose stack Error: you must verify your email before publishing a new package: https://www.npmjs.com/email-edit : yfr_lib
40 verbose stack     at makeError (C:\Java\as2work\nodejs\node_modules\npm\node_modules\npm-registry-client\lib\request.js:302:12)
40 verbose stack     at CachingRegistryClient.<anonymous> (C:\Java\as2work\nodejs\node_modules\npm\node_modules\npm-registry-client\lib\request.js:290:14)
40 verbose stack     at C:\Java\as2work\nodejs\node_modules\npm\node_modules\npm-registry-client\lib\request.js:216:7
40 verbose stack     at Gunzip.onEnd (zlib.js:227:5)
40 verbose stack     at emitNone (events.js:91:20)
40 verbose stack     at Gunzip.emit (events.js:185:7)
40 verbose stack     at endReadableNT (_stream_readable.js:974:12)
40 verbose stack     at _combinedTickCallback (internal/process/next_tick.js:80:11)
40 verbose stack     at process._tickCallback (internal/process/next_tick.js:104:9)
41 verbose statusCode 403
42 verbose pkgid yfr_lib
43 verbose cwd C:\java_app\idea_app\phpas\craftsman\node_self
44 error Windows_NT 6.1.7601
45 error argv "C:\\Java\\as2work\\nodejs\\node.exe" "C:\\Java\\as2work\\nodejs\\node_modules\\npm\\bin\\npm-cli.js" "publish" "."
46 error node v6.11.5
47 error npm  v3.10.10
48 error code E403
49 error you must verify your email before publishing a new package: https://www.npmjs.com/email-edit : yfr_lib
50 error If you need help, you may report this error at:
50 error     <https://github.com/npm/npm/issues>
51 verbose exit [ 1, true ]
